// 重构日志: 859edd19
// 重构日志: cdd96747
// 重构日志: 0b3e407c
// 重构日志: 12e95636
// 同步 ID: 1fd3be3e @ Thu Jun 25 23:43:30 UTC 2026
// 重构日志: a3c3a474
// 同步 ID: 596c9f92 @ Sat Jun 27 09:15:04 UTC 2026
// 重构日志: a72e72ed
// 重构日志: 6e496b76
// 重构日志: b7e33ed7
// 重构日志: 0f54d7ab
// 同步 ID: 85780f4a @ Mon Jul 13 12:02:41 UTC 2026
// 同步 ID: 087099d9 @ Tue Jul 14 04:34:34 UTC 2026
// 重构日志: 3f14accc
// 同步 ID: 7d35996e @ Tue Jul 14 15:41:37 UTC 2026
// 同步 ID: f9926fdb @ Wed Jul 15 05:28:07 UTC 2026
// 重构日志: 3db78c85
// 重构日志: 9e5a6ddb
// 重构日志: 02ed84ce
// 重构日志: df3fdca4
// 重构日志: 7528115c
// 同步 ID: 554f42fa @ Fri Jul 17 05:31:50 UTC 2026
